<?xml version="1.0" encoding="UTF-8"?>
<testsuite xmlns:xsi="http://www.w3.org/2001/XMLSchema-instance" xsi:noNamespaceSchemaLocation="https://maven.apache.org/surefire/maven-surefire-plugin/xsd/surefire-test-report.xsd" name="MyTest" time="0.066" tests="14" errors="0" skipped="0" failures="0">
  <properties>
    <property name="gopherProxySet" value="false"/>
    <property name="awt.toolkit" value="sun.lwawt.macosx.LWCToolkit"/>
    <property name="java.specification.version" value="11"/>
    <property name="sun.cpu.isalist" value=""/>
    <property name="sun.jnu.encoding" value="UTF-8"/>
    <property name="java.class.path" value="/Users/ricardogonzalez/Documents/UIC/Fall 2022/CS 342 - Software Design/Project 4 Client/target/test-classes:/Users/ricardogonzalez/Documents/UIC/Fall 2022/CS 342 - Software Design/Project 4 Client/target/classes:/Users/ricardogonzalez/.m2/repository/org/junit/jupiter/junit-jupiter/5.8.2/junit-jupiter-5.8.2.jar:/Users/ricardogonzalez/.m2/repository/org/junit/jupiter/junit-jupiter-engine/5.8.2/junit-jupiter-engine-5.8.2.jar:/Users/ricardogonzalez/.m2/repository/org/junit/platform/junit-platform-engine/1.8.2/junit-platform-engine-1.8.2.jar:/Users/ricardogonzalez/.m2/repository/org/junit/jupiter/junit-jupiter-api/5.8.2/junit-jupiter-api-5.8.2.jar:/Users/ricardogonzalez/.m2/repository/org/opentest4j/opentest4j/1.2.0/opentest4j-1.2.0.jar:/Users/ricardogonzalez/.m2/repository/org/junit/platform/junit-platform-commons/1.8.2/junit-platform-commons-1.8.2.jar:/Users/ricardogonzalez/.m2/repository/org/apiguardian/apiguardian-api/1.1.2/apiguardian-api-1.1.2.jar:/Users/ricardogonzalez/.m2/repository/org/junit/jupiter/junit-jupiter-params/5.8.2/junit-jupiter-params-5.8.2.jar:/Users/ricardogonzalez/.m2/repository/org/openjfx/javafx-controls/19/javafx-controls-19.jar:/Users/ricardogonzalez/.m2/repository/org/openjfx/javafx-controls/19/javafx-controls-19-mac.jar:/Users/ricardogonzalez/.m2/repository/org/openjfx/javafx-graphics/19/javafx-graphics-19.jar:/Users/ricardogonzalez/.m2/repository/org/openjfx/javafx-graphics/19/javafx-graphics-19-mac.jar:/Users/ricardogonzalez/.m2/repository/org/openjfx/javafx-base/19/javafx-base-19.jar:/Users/ricardogonzalez/.m2/repository/org/openjfx/javafx-base/19/javafx-base-19-mac.jar:/Users/ricardogonzalez/.m2/repository/org/openjfx/javafx-fxml/19/javafx-fxml-19.jar:/Users/ricardogonzalez/.m2/repository/org/openjfx/javafx-fxml/19/javafx-fxml-19-mac.jar:"/>
    <property name="java.vm.vendor" value="Oracle Corporation"/>
    <property name="sun.arch.data.model" value="64"/>
    <property name="java.vendor.url" value="https://openjdk.java.net/"/>
    <property name="user.timezone" value=""/>
    <property name="java.vm.specification.version" value="11"/>
    <property name="os.name" value="Mac OS X"/>
    <property name="sun.java.launcher" value="SUN_STANDARD"/>
    <property name="user.country" value="US"/>
    <property name="sun.boot.library.path" value="/Library/Java/JavaVirtualMachines/jdk-11.0.16.1.jdk/Contents/Home/lib"/>
    <property name="sun.java.command" value="/Users/ricardogonzalez/Documents/UIC/Fall 2022/CS 342 - Software Design/Project 4 Client/target/surefire/surefirebooter9792969835375143931.jar /Users/ricardogonzalez/Documents/UIC/Fall 2022/CS 342 - Software Design/Project 4 Client/target/surefire 2022-11-23T20-23-21_242-jvmRun1 surefire14070588781082859542tmp surefire_013751123175421247651tmp"/>
    <property name="http.nonProxyHosts" value="local|*.local|169.254/16|*.169.254/16"/>
    <property name="jdk.debug" value="release"/>
    <property name="surefire.test.class.path" value="/Users/ricardogonzalez/Documents/UIC/Fall 2022/CS 342 - Software Design/Project 4 Client/target/test-classes:/Users/ricardogonzalez/Documents/UIC/Fall 2022/CS 342 - Software Design/Project 4 Client/target/classes:/Users/ricardogonzalez/.m2/repository/org/junit/jupiter/junit-jupiter/5.8.2/junit-jupiter-5.8.2.jar:/Users/ricardogonzalez/.m2/repository/org/junit/jupiter/junit-jupiter-engine/5.8.2/junit-jupiter-engine-5.8.2.jar:/Users/ricardogonzalez/.m2/repository/org/junit/platform/junit-platform-engine/1.8.2/junit-platform-engine-1.8.2.jar:/Users/ricardogonzalez/.m2/repository/org/junit/jupiter/junit-jupiter-api/5.8.2/junit-jupiter-api-5.8.2.jar:/Users/ricardogonzalez/.m2/repository/org/opentest4j/opentest4j/1.2.0/opentest4j-1.2.0.jar:/Users/ricardogonzalez/.m2/repository/org/junit/platform/junit-platform-commons/1.8.2/junit-platform-commons-1.8.2.jar:/Users/ricardogonzalez/.m2/repository/org/apiguardian/apiguardian-api/1.1.2/apiguardian-api-1.1.2.jar:/Users/ricardogonzalez/.m2/repository/org/junit/jupiter/junit-jupiter-params/5.8.2/junit-jupiter-params-5.8.2.jar:/Users/ricardogonzalez/.m2/repository/org/openjfx/javafx-controls/19/javafx-controls-19.jar:/Users/ricardogonzalez/.m2/repository/org/openjfx/javafx-controls/19/javafx-controls-19-mac.jar:/Users/ricardogonzalez/.m2/repository/org/openjfx/javafx-graphics/19/javafx-graphics-19.jar:/Users/ricardogonzalez/.m2/repository/org/openjfx/javafx-graphics/19/javafx-graphics-19-mac.jar:/Users/ricardogonzalez/.m2/repository/org/openjfx/javafx-base/19/javafx-base-19.jar:/Users/ricardogonzalez/.m2/repository/org/openjfx/javafx-base/19/javafx-base-19-mac.jar:/Users/ricardogonzalez/.m2/repository/org/openjfx/javafx-fxml/19/javafx-fxml-19.jar:/Users/ricardogonzalez/.m2/repository/org/openjfx/javafx-fxml/19/javafx-fxml-19-mac.jar:"/>
    <property name="sun.cpu.endian" value="little"/>
    <property name="user.home" value="/Users/ricardogonzalez"/>
    <property name="user.language" value="en"/>
    <property name="java.specification.vendor" value="Oracle Corporation"/>
    <property name="java.version.date" value="2022-08-18"/>
    <property name="java.home" value="/Library/Java/JavaVirtualMachines/jdk-11.0.16.1.jdk/Contents/Home"/>
    <property name="file.separator" value="/"/>
    <property name="basedir" value="/Users/ricardogonzalez/Documents/UIC/Fall 2022/CS 342 - Software Design/Project 4 Client"/>
    <property name="java.vm.compressedOopsMode" value="Zero based"/>
    <property name="line.separator" value="&#10;"/>
    <property name="java.specification.name" value="Java Platform API Specification"/>
    <property name="java.vm.specification.vendor" value="Oracle Corporation"/>
    <property name="java.awt.graphicsenv" value="sun.awt.CGraphicsEnvironment"/>
    <property name="surefire.real.class.path" value="/Users/ricardogonzalez/Documents/UIC/Fall 2022/CS 342 - Software Design/Project 4 Client/target/surefire/surefirebooter9792969835375143931.jar"/>
    <property name="sun.management.compiler" value="HotSpot 64-Bit Tiered Compilers"/>
    <property name="ftp.nonProxyHosts" value="local|*.local|169.254/16|*.169.254/16"/>
    <property name="java.runtime.version" value="11.0.16.1+1-LTS-1"/>
    <property name="user.name" value="ricardogonzalez"/>
    <property name="path.separator" value=":"/>
    <property name="os.version" value="12.0.1"/>
    <property name="java.runtime.name" value="Java(TM) SE Runtime Environment"/>
    <property name="file.encoding" value="UTF-8"/>
    <property name="java.vm.name" value="Java HotSpot(TM) 64-Bit Server VM"/>
    <property name="java.vendor.version" value="18.9"/>
    <property name="localRepository" value="/Users/ricardogonzalez/.m2/repository"/>
    <property name="java.vendor.url.bug" value="https://bugreport.java.com/bugreport/"/>
    <property name="java.io.tmpdir" value="/var/folders/hx/dmfbn7yx4qb_7cqx2q6l8gd80000gn/T/"/>
    <property name="java.version" value="11.0.16.1"/>
    <property name="user.dir" value="/Users/ricardogonzalez/Documents/UIC/Fall 2022/CS 342 - Software Design/Project 4 Client"/>
    <property name="os.arch" value="x86_64"/>
    <property name="java.vm.specification.name" value="Java Virtual Machine Specification"/>
    <property name="java.awt.printerjob" value="sun.lwawt.macosx.CPrinterJob"/>
    <property name="sun.os.patch.level" value="unknown"/>
    <property name="java.library.path" value="/Users/ricardogonzalez/Library/Java/Extensions:/Library/Java/Extensions:/Network/Library/Java/Extensions:/System/Library/Java/Extensions:/usr/lib/java:."/>
    <property name="java.vendor" value="Oracle Corporation"/>
    <property name="java.vm.info" value="mixed mode"/>
    <property name="java.vm.version" value="11.0.16.1+1-LTS-1"/>
    <property name="sun.io.unicode.encoding" value="UnicodeBig"/>
    <property name="java.class.version" value="55.0"/>
    <property name="socksNonProxyHosts" value="local|*.local|169.254/16|*.169.254/16"/>
  </properties>
  <testcase name="testNoWinner1" classname="MyTest" time="0.033"/>
  <testcase name="testNoWinner2" classname="MyTest" time="0.002"/>
  <testcase name="testNoWinner3" classname="MyTest" time="0"/>
  <testcase name="testNoWinner4" classname="MyTest" time="0"/>
  <testcase name="testNoWinner5" classname="MyTest" time="0"/>
  <testcase name="testNoWinner6" classname="MyTest" time="0"/>
  <testcase name="testNoWinner7" classname="MyTest" time="0"/>
  <testcase name="testWinner1" classname="MyTest" time="0.003"/>
  <testcase name="testWinner2" classname="MyTest" time="0"/>
  <testcase name="testWinner3" classname="MyTest" time="0.001"/>
  <testcase name="testWinner4" classname="MyTest" time="0"/>
  <testcase name="testWinner5" classname="MyTest" time="0"/>
  <testcase name="testWinner6" classname="MyTest" time="0"/>
  <testcase name="testWinner7" classname="MyTest" time="0"/>
</testsuite>