<?xml version="1.0" encoding="UTF-8"?>
<testsuite xmlns:xsi="http://www.w3.org/2001/XMLSchema-instance" xsi:noNamespaceSchemaLocation="https://maven.apache.org/surefire/maven-surefire-plugin/xsd/surefire-test-report.xsd" name="MyTest" time="0.03" tests="1" errors="0" skipped="0" failures="1">
  <properties>
    <property name="java.specification.version" value="18"/>
    <property name="sun.jnu.encoding" value="UTF-8"/>
    <property name="java.class.path" value="/Users/ricardogonzalez/Documents/UIC/Fall 2022/CS 342 - Software Design/Project 4 Server/target/test-classes:/Users/ricardogonzalez/Documents/UIC/Fall 2022/CS 342 - Software Design/Project 4 Server/target/classes:/Users/ricardogonzalez/.m2/repository/org/junit/jupiter/junit-jupiter/5.8.2/junit-jupiter-5.8.2.jar:/Users/ricardogonzalez/.m2/repository/org/junit/jupiter/junit-jupiter-engine/5.8.2/junit-jupiter-engine-5.8.2.jar:/Users/ricardogonzalez/.m2/repository/org/junit/platform/junit-platform-engine/1.8.2/junit-platform-engine-1.8.2.jar:/Users/ricardogonzalez/.m2/repository/org/junit/jupiter/junit-jupiter-api/5.8.2/junit-jupiter-api-5.8.2.jar:/Users/ricardogonzalez/.m2/repository/org/opentest4j/opentest4j/1.2.0/opentest4j-1.2.0.jar:/Users/ricardogonzalez/.m2/repository/org/junit/platform/junit-platform-commons/1.8.2/junit-platform-commons-1.8.2.jar:/Users/ricardogonzalez/.m2/repository/org/apiguardian/apiguardian-api/1.1.2/apiguardian-api-1.1.2.jar:/Users/ricardogonzalez/.m2/repository/org/junit/jupiter/junit-jupiter-params/5.8.2/junit-jupiter-params-5.8.2.jar:/Users/ricardogonzalez/.m2/repository/org/openjfx/javafx-controls/19/javafx-controls-19.jar:/Users/ricardogonzalez/.m2/repository/org/openjfx/javafx-controls/19/javafx-controls-19-mac.jar:/Users/ricardogonzalez/.m2/repository/org/openjfx/javafx-graphics/19/javafx-graphics-19.jar:/Users/ricardogonzalez/.m2/repository/org/openjfx/javafx-graphics/19/javafx-graphics-19-mac.jar:/Users/ricardogonzalez/.m2/repository/org/openjfx/javafx-base/19/javafx-base-19.jar:/Users/ricardogonzalez/.m2/repository/org/openjfx/javafx-base/19/javafx-base-19-mac.jar:/Users/ricardogonzalez/.m2/repository/org/openjfx/javafx-fxml/19/javafx-fxml-19.jar:/Users/ricardogonzalez/.m2/repository/org/openjfx/javafx-fxml/19/javafx-fxml-19-mac.jar:"/>
    <property name="java.vm.vendor" value="Homebrew"/>
    <property name="sun.arch.data.model" value="64"/>
    <property name="java.vendor.url" value="https://github.com/Homebrew/homebrew-core/issues"/>
    <property name="os.name" value="Mac OS X"/>
    <property name="java.vm.specification.version" value="18"/>
    <property name="sun.java.launcher" value="SUN_STANDARD"/>
    <property name="user.country" value="US"/>
    <property name="sun.boot.library.path" value="/usr/local/Cellar/openjdk/18.0.2.1/libexec/openjdk.jdk/Contents/Home/lib"/>
    <property name="sun.java.command" value="/Users/ricardogonzalez/Documents/UIC/Fall 2022/CS 342 - Software Design/Project 4 Server/target/surefire/surefirebooter2326083762486126569.jar /Users/ricardogonzalez/Documents/UIC/Fall 2022/CS 342 - Software Design/Project 4 Server/target/surefire 2022-11-23T20-39-35_537-jvmRun1 surefire6737006343365858220tmp surefire_03554793578608446140tmp"/>
    <property name="http.nonProxyHosts" value="local|*.local|169.254/16|*.169.254/16"/>
    <property name="jdk.debug" value="release"/>
    <property name="surefire.test.class.path" value="/Users/ricardogonzalez/Documents/UIC/Fall 2022/CS 342 - Software Design/Project 4 Server/target/test-classes:/Users/ricardogonzalez/Documents/UIC/Fall 2022/CS 342 - Software Design/Project 4 Server/target/classes:/Users/ricardogonzalez/.m2/repository/org/junit/jupiter/junit-jupiter/5.8.2/junit-jupiter-5.8.2.jar:/Users/ricardogonzalez/.m2/repository/org/junit/jupiter/junit-jupiter-engine/5.8.2/junit-jupiter-engine-5.8.2.jar:/Users/ricardogonzalez/.m2/repository/org/junit/platform/junit-platform-engine/1.8.2/junit-platform-engine-1.8.2.jar:/Users/ricardogonzalez/.m2/repository/org/junit/jupiter/junit-jupiter-api/5.8.2/junit-jupiter-api-5.8.2.jar:/Users/ricardogonzalez/.m2/repository/org/opentest4j/opentest4j/1.2.0/opentest4j-1.2.0.jar:/Users/ricardogonzalez/.m2/repository/org/junit/platform/junit-platform-commons/1.8.2/junit-platform-commons-1.8.2.jar:/Users/ricardogonzalez/.m2/repository/org/apiguardian/apiguardian-api/1.1.2/apiguardian-api-1.1.2.jar:/Users/ricardogonzalez/.m2/repository/org/junit/jupiter/junit-jupiter-params/5.8.2/junit-jupiter-params-5.8.2.jar:/Users/ricardogonzalez/.m2/repository/org/openjfx/javafx-controls/19/javafx-controls-19.jar:/Users/ricardogonzalez/.m2/repository/org/openjfx/javafx-controls/19/javafx-controls-19-mac.jar:/Users/ricardogonzalez/.m2/repository/org/openjfx/javafx-graphics/19/javafx-graphics-19.jar:/Users/ricardogonzalez/.m2/repository/org/openjfx/javafx-graphics/19/javafx-graphics-19-mac.jar:/Users/ricardogonzalez/.m2/repository/org/openjfx/javafx-base/19/javafx-base-19.jar:/Users/ricardogonzalez/.m2/repository/org/openjfx/javafx-base/19/javafx-base-19-mac.jar:/Users/ricardogonzalez/.m2/repository/org/openjfx/javafx-fxml/19/javafx-fxml-19.jar:/Users/ricardogonzalez/.m2/repository/org/openjfx/javafx-fxml/19/javafx-fxml-19-mac.jar:"/>
    <property name="sun.cpu.endian" value="little"/>
    <property name="user.home" value="/Users/ricardogonzalez"/>
    <property name="user.language" value="en"/>
    <property name="java.specification.vendor" value="Oracle Corporation"/>
    <property name="java.version.date" value="2022-08-18"/>
    <property name="java.home" value="/usr/local/Cellar/openjdk/18.0.2.1/libexec/openjdk.jdk/Contents/Home"/>
    <property name="file.separator" value="/"/>
    <property name="basedir" value="/Users/ricardogonzalez/Documents/UIC/Fall 2022/CS 342 - Software Design/Project 4 Server"/>
    <property name="java.vm.compressedOopsMode" value="Zero based"/>
    <property name="line.separator" value="&#10;"/>
    <property name="java.vm.specification.vendor" value="Oracle Corporation"/>
    <property name="java.specification.name" value="Java Platform API Specification"/>
    <property name="apple.awt.application.name" value="ForkedBooter"/>
    <property name="surefire.real.class.path" value="/Users/ricardogonzalez/Documents/UIC/Fall 2022/CS 342 - Software Design/Project 4 Server/target/surefire/surefirebooter2326083762486126569.jar"/>
    <property name="sun.management.compiler" value="HotSpot 64-Bit Tiered Compilers"/>
    <property name="ftp.nonProxyHosts" value="local|*.local|169.254/16|*.169.254/16"/>
    <property name="java.runtime.version" value="18.0.2.1+0"/>
    <property name="user.name" value="ricardogonzalez"/>
    <property name="path.separator" value=":"/>
    <property name="os.version" value="12.0.1"/>
    <property name="java.runtime.name" value="OpenJDK Runtime Environment"/>
    <property name="file.encoding" value="UTF-8"/>
    <property name="java.vm.name" value="OpenJDK 64-Bit Server VM"/>
    <property name="java.vendor.version" value="Homebrew"/>
    <property name="localRepository" value="/Users/ricardogonzalez/.m2/repository"/>
    <property name="java.vendor.url.bug" value="https://github.com/Homebrew/homebrew-core/issues"/>
    <property name="java.io.tmpdir" value="/var/folders/hx/dmfbn7yx4qb_7cqx2q6l8gd80000gn/T/"/>
    <property name="java.version" value="18.0.2.1"/>
    <property name="user.dir" value="/Users/ricardogonzalez/Documents/UIC/Fall 2022/CS 342 - Software Design/Project 4 Server"/>
    <property name="os.arch" value="x86_64"/>
    <property name="java.vm.specification.name" value="Java Virtual Machine Specification"/>
    <property name="native.encoding" value="UTF-8"/>
    <property name="java.library.path" value="/Users/ricardogonzalez/Library/Java/Extensions:/Library/Java/Extensions:/Network/Library/Java/Extensions:/System/Library/Java/Extensions:/usr/lib/java:."/>
    <property name="java.vm.info" value="mixed mode, sharing"/>
    <property name="java.vendor" value="Homebrew"/>
    <property name="java.vm.version" value="18.0.2.1+0"/>
    <property name="sun.io.unicode.encoding" value="UnicodeBig"/>
    <property name="socksNonProxyHosts" value="local|*.local|169.254/16|*.169.254/16"/>
    <property name="java.class.version" value="62.0"/>
  </properties>
  <testcase name="test" classname="MyTest" time="0.024">
    <failure message="Not yet implemented" type="org.opentest4j.AssertionFailedError">org.opentest4j.AssertionFailedError: Not yet implemented
	at MyTest.test(MyTest.java:18)
</failure>
  </testcase>
</testsuite>